[1mHTTP Request: GET https://demo-fapi.binance.com/fapi/v2/balance?timestamp=1774305174857&signature=428a3fca41d684b31896fe052bef90b233a89b284c66740fde6c441818f51ba2 "HTTP/1.1 200 OK"[0m
[1mConnected to Binance Demo. Balance: 3115.66 USDT[0m
[1mHTTP Request: GET https://demo-fapi.binance.com/fapi/v2/balance?timestamp=1774305176046&signature=256601198448af55461be8404f0b6711ae3d47131ab0bfc9c8e6b3253d537e5f "HTTP/1.1 200 OK"[0m
[1m[LAB] Started — broker=binance_testnet balance=3115.66 USDT[0m
[1mSECURITY: /Users/kapil.parashar/kapilll/notas_lave/engine/.env has permissive permissions (0o100644). Run: chmod 600 /Users/kapil.parashar/kapilll/notas_lave/engine/.env[0m
[1mHTTP Request: GET https://demo-fapi.binance.com/fapi/v2/balance?timestamp=1774305176187&signature=f489c03116f7ef9e28e1b4a0d4cf6611bd0bf75e96d0c5b1e7f7a07f6221ba0d "HTTP/1.1 200 OK"[0m
[1mLab running — balance=3115.66, open=0, closed=0[0m
[1mStale data detected: 15m latest candle is 626148.1 min old (limit: 30)[0m
[1mStale data detected: 1h latest candle is 626193.1 min old (limit: 120)[0m
[1mStale data detected: 4h latest candle is 626313.1 min old (limit: 480)[0m
[1mHTTP Request: GET https://demo-fapi.binance.com/fapi/v2/positionRisk?timestamp=1774305187320&signature=1c2921a4a1acb42d9a016f1817d2be5deefb027d3e2a24a6b1e581f001f95f7e "HTTP/1.1 200 OK"[0m
[1mHTTP Request: GET https://demo-fapi.binance.com/fapi/v2/balance?timestamp=1774305206439&signature=6a058cb5b2269fa7370e1bacbe3040614472395f143e3eac7350f7574b8a3ad8 "HTTP/1.1 200 OK"[0m
[1mHTTP Request: GET https://demo-fapi.binance.com/fapi/v2/balance?timestamp=1774305206850&signature=2c455c8beeef1eeafe26392c06a61bd16f1d39f22ed4564456ebe4384a1e3a29 "HTTP/1.1 200 OK"[0m
[1mStatus: balance=3115.66 pnl=-1884.34 open=0 closed=0[0m
[1mHTTP Request: GET https://demo-fapi.binance.com/fapi/v2/balance?timestamp=1774305236985&signature=34522756fd17db986fc271ecfe6582529b796ebf957262648ed783abe9cc618c "HTTP/1.1 200 OK"[0m
[1mHTTP Request: GET https://demo-fapi.binance.com/fapi/v2/balance?timestamp=1774305237359&signature=d2ad9a1bba07bec3a21db2ab1802a4239872a98b848ef5595ad16839eaaa9776 "HTTP/1.1 200 OK"[0m
[1mStatus: balance=3115.66 pnl=-1884.34 open=0 closed=0[0m
[1mStale data detected: 15m latest candle is 626149.3 min old (limit: 30)[0m
[1mStale data detected: 1h latest candle is 626194.3 min old (limit: 120)[0m
[1mStale data detected: 4h latest candle is 626314.3 min old (limit: 480)[0m
[1mHTTP Request: GET https://demo-fapi.binance.com/fapi/v2/positionRisk?timestamp=1774305256536&signature=1e439689012012f30ce3e797ab3323c549f1e3ad89aa484e7d015d84fb2de547 "HTTP/1.1 200 OK"[0m
[1mHTTP Request: GET https://demo-fapi.binance.com/fapi/v2/balance?timestamp=1774305267478&signature=c87afbf066ab5a52658d8d31ee110e7b7a93dec86b0dbdaac0aadfc1ae58e62d "HTTP/1.1 200 OK"[0m
[1mHTTP Request: GET https://demo-fapi.binance.com/fapi/v2/balance?timestamp=1774305267877&signature=faed7df752c24a1555da5c0e810d674f6d90e1139524fc322507b4befb9b1b84 "HTTP/1.1 200 OK"[0m
[1mStatus: balance=3115.66 pnl=-1884.34 open=0 closed=0[0m
[1mHTTP Request: GET https://demo-fapi.binance.com/fapi/v2/balance?timestamp=1774305298060&signature=8518e71a79afe81d388062074a9a63e864dae755e7b19749fb966411193133b8 "HTTP/1.1 200 OK"[0m
[1mHTTP Request: GET https://demo-fapi.binance.com/fapi/v2/balance?timestamp=1774305298468&signature=1dda18aa264ff2bb4a56dbf1d4ed9821b36e9bd9e9c57a6b696b84c02fa3ff78 "HTTP/1.1 200 OK"[0m
[1mStatus: balance=3115.66 pnl=-1884.34 open=0 closed=0[0m
